<?xml version="1.0" encoding="UTF-8"?>
<!-- Generated by org.testng.reporters.JUnitReportReporter -->
<testsuite skipped="0" hostname="INBLRWHF8M8JX52" name="com.ntt.qa.tests.LoginTest" tests="1" failures="0" timestamp="2021-04-23T19:40:13 IST" time="11.376" errors="0">
  <testcase name="loginTest" time="11.376" classname="com.ntt.qa.tests.LoginTest"/>
  <system-out/>
</testsuite> <!-- com.ntt.qa.tests.LoginTest -->
