<?xml version="1.0" encoding="UTF-8"?>
<!-- Generated by org.testng.reporters.JUnitReportReporter -->
<testsuite skipped="0" hostname="INBLRWHF8M8JX52" name="com.ntt.qa.testcases.SampleLoginTest" tests="1" failures="0" timestamp="2021-04-22T19:26:43 IST" time="28.132" errors="0">
  <testcase name="registerwithEmail" time="28.132" classname="com.ntt.qa.testcases.SampleLoginTest"/>
  <system-out/>
</testsuite> <!-- com.ntt.qa.testcases.SampleLoginTest -->
